C:\USERS\SOLLA\DOCUMENTS\VISUAL STUDIO 2012\PROJECTS\OOPLABWORK03\OOPLABWORK03\DEBUG\OOPLABWORK03.PCH
C:\USERS\SOLLA\DOCUMENTS\VISUAL STUDIO 2012\PROJECTS\OOPLABWORK03\OOPLABWORK03\DEBUG\STDAFX.OBJ
C:\USERS\SOLLA\DOCUMENTS\VISUAL STUDIO 2012\PROJECTS\OOPLABWORK03\OOPLABWORK03\DEBUG\VC110.PDB
C:\USERS\SOLLA\DOCUMENTS\VISUAL STUDIO 2012\PROJECTS\OOPLABWORK03\OOPLABWORK03\DEBUG\ANIMAL.OBJ
C:\USERS\SOLLA\DOCUMENTS\VISUAL STUDIO 2012\PROJECTS\OOPLABWORK03\OOPLABWORK03\DEBUG\BIRD.OBJ
C:\USERS\SOLLA\DOCUMENTS\VISUAL STUDIO 2012\PROJECTS\OOPLABWORK03\OOPLABWORK03\DEBUG\MAMMAL.OBJ
C:\USERS\SOLLA\DOCUMENTS\VISUAL STUDIO 2012\PROJECTS\OOPLABWORK03\OOPLABWORK03\DEBUG\OOPLABWORK03.OBJ
D:\LABS OOP\OOPLABWORK03\OOPLABWORK03\DEBUG\OOPLABWORK03.PCH
D:\LABS OOP\OOPLABWORK03\OOPLABWORK03\DEBUG\STDAFX.OBJ
D:\LABS OOP\OOPLABWORK03\OOPLABWORK03\DEBUG\VC110.PDB
D:\LABS OOP\OOPLABWORK03\OOPLABWORK03\DEBUG\ANIMAL.OBJ
D:\LABS OOP\OOPLABWORK03\OOPLABWORK03\DEBUG\BIRD.OBJ
D:\LABS OOP\OOPLABWORK03\OOPLABWORK03\DEBUG\MAMMAL.OBJ
D:\LABS OOP\OOPLABWORK03\OOPLABWORK03\DEBUG\OOPLABWORK03.OBJ
D:\LABS OOP\OOPLABWORK03\OOPLABWORK03\DEBUG\FISH.OBJ
D:\LABS OOP\OOPLABWORK03\DEBUG\OOPLABWORK03.ILK
D:\LABS OOP\OOPLABWORK03\DEBUG\OOPLABWORK03.EXE
D:\LABS OOP\OOPLABWORK03\DEBUG\OOPLABWORK03.PDB
D:\Labs OOP\OOPLabWork03\OOPLabWork03\Debug\Animal.obj
D:\Labs OOP\OOPLabWork03\OOPLabWork03\Debug\Bird.obj
D:\Labs OOP\OOPLabWork03\OOPLabWork03\Debug\Fish.obj
D:\Labs OOP\OOPLabWork03\OOPLabWork03\Debug\Mammal.obj
D:\Labs OOP\OOPLabWork03\OOPLabWork03\Debug\stdafx.obj
D:\Labs OOP\OOPLabWork03\OOPLabWork03\Debug\cl.command.1.tlog
D:\Labs OOP\OOPLabWork03\OOPLabWork03\Debug\CL.read.1.tlog
D:\Labs OOP\OOPLabWork03\OOPLabWork03\Debug\CL.write.1.tlog
D:\Labs OOP\OOPLabWork03\OOPLabWork03\Debug\link-cvtres.read.1.tlog
D:\Labs OOP\OOPLabWork03\OOPLabWork03\Debug\link-cvtres.write.1.tlog
D:\Labs OOP\OOPLabWork03\OOPLabWork03\Debug\link-rc.read.1.tlog
D:\Labs OOP\OOPLabWork03\OOPLabWork03\Debug\link-rc.write.1.tlog
D:\Labs OOP\OOPLabWork03\OOPLabWork03\Debug\link.3256-cvtres.read.1.tlog
D:\Labs OOP\OOPLabWork03\OOPLabWork03\Debug\link.3256-cvtres.write.1.tlog
D:\Labs OOP\OOPLabWork03\OOPLabWork03\Debug\link.3256-rc.read.1.tlog
D:\Labs OOP\OOPLabWork03\OOPLabWork03\Debug\link.3256-rc.write.1.tlog
D:\Labs OOP\OOPLabWork03\OOPLabWork03\Debug\link.3256.read.1.tlog
D:\Labs OOP\OOPLabWork03\OOPLabWork03\Debug\link.3256.write.1.tlog
D:\Labs OOP\OOPLabWork03\OOPLabWork03\Debug\link.command.1.tlog
D:\Labs OOP\OOPLabWork03\OOPLabWork03\Debug\link.read.1.tlog
D:\Labs OOP\OOPLabWork03\OOPLabWork03\Debug\link.write.1.tlog
D:\Labs OOP\OOPLabWork03\OOPLabWork03\Debug\OOPLabWork03.pch
D:\Labs OOP\OOPLabWork03\OOPLabWork03\Debug\vc110.idb
D:\Labs OOP\OOPLabWork03\OOPLabWork03\Debug\vc110.pdb
D:\Labs OOP\OOPLabWork03\Debug\OOPLabWork03.pdb
D:\Labs OOP\OOPLabWork03\Debug\OOPLabWork03.exe
D:\Labs OOP\OOPLabWork03\Debug\OOPLabWork03.ilk
